20230426	18:19:20	05523c0a-d119-4a68-b269-7038ee601ad8	GET	/members	http://localhost:5173
20230426	18:20:19	3aaca191-53b4-49ef-8755-0171294cc052	GET	/members	http://localhost:5173
20230426	18:26:04	2f0c323d-ee44-446c-9e28-b5131d86de3b	GET	/members	http://localhost:5173
20230426	19:02:18	582f1524-2084-4e53-8ac7-1a89be50b1ea	GET	/members	http://localhost:5173
20230426	19:03:00	b750710b-4806-4bec-833b-a856d61c12eb	GET	/members	http://localhost:5173
20230426	19:15:35	fe88cbe5-a656-4b9f-9eac-f97b04f53d06	GET	/members	http://localhost:5173
20230426	19:16:16	5437b4c7-90bd-41e6-879c-13392cf1a1ba	GET	/members	http://localhost:5173
20230426	19:31:44	67c90476-1798-4aab-9b5a-428fc6737825	GET	/members	undefined
20230426	19:31:47	726a82d7-f2bf-4b36-8adb-be738c6eccaf	GET	/memberss	undefined
20230426	19:36:06	e8802c31-1da6-408d-b7e5-95cdc7913ec8	GET	/memberss	undefined
20230426	19:36:11	f9fb4ab3-d55a-4a61-bf1f-f85b99420d04	GET	/members	undefined
20230428	09:15:15	a008c4b8-549f-45ef-ab19-11cf66e0f0f9	POST	/upload	undefined
20230428	09:16:42	52bfcaf6-9195-487e-9463-2f320cbe9d77	POST	/upload	undefined
20230428	09:18:55	4ce14f36-4902-4a1b-8c1b-ea1dd8d07626	POST	/upload	undefined
20230428	09:23:00	c0347713-99f6-4cba-a02e-2c3cd6896042	POST	/upload	undefined
20230428	09:23:58	9ea32564-7d74-46f2-bc8a-ffad287bad60	POST	/upload	undefined
20230428	09:24:25	70ef1662-36b8-4d24-84f6-a4d449cfb853	POST	/upload	undefined
20230428	09:24:42	4e0faf25-03e1-4d66-aff3-aae6a9a4690b	POST	/upload	undefined
20230428	09:25:10	8251305e-fc01-4422-8b8d-9bd646340567	POST	/upload	undefined
20230428	16:36:18	a8caf325-3b38-44f1-8d1b-17c34217bfba	POST	/members	undefined
20230428	16:36:47	05921d41-c94e-46e1-b555-329a91594032	POST	/members	undefined
20230428	16:38:06	91a27d56-e307-4b95-8acd-2343a29cbf55	POST	/members?file	undefined
20230428	16:39:33	0aa1170b-72e8-4f4d-ae0d-b8888eee50a4	POST	/members?file	undefined
20230428	16:40:50	33241bf1-f755-413c-8990-b65e561deb33	POST	/members?file	undefined
20230428	16:41:28	9f170405-fbf3-40b7-ab23-f78e835c6a4c	POST	/members?file	undefined
20230428	16:41:39	2ed47359-4dc4-4d25-8d40-7c4bab7c795e	POST	/members?file	undefined
20230428	16:45:40	8db2ac58-0894-4472-8d41-f25cc7a2ace8	POST	/members?file	undefined
20230428	18:55:15	4933f880-fde0-48c2-aa69-ded879c323d2	POST	/members?file	undefined
20230428	18:56:11	2838432c-2f21-4b53-944f-ac8683d29b7f	POST	/members?file	undefined
20230428	19:21:20	d2e41935-5e20-4dc6-90b9-78dfca6d40cb	POST	/members?file	undefined
20230428	19:29:17	d64ceb08-7685-4b6a-b95d-2465f0adeff3	POST	/members?file	undefined
20230428	19:29:25	503d3e30-ff47-4b5b-bc7f-195160a6b397	POST	/members?file	undefined
20230501	15:45:34	067db882-6c03-4785-8bc4-eca22a1e6c07	POST	/members?file	undefined
20230501	15:52:03	b85c694c-f1e5-4fe0-9ad6-52e80585f230	POST	/members?file	undefined
20230501	15:52:25	01c97dd8-e0d5-4088-92ce-e0636c22650b	POST	/members?file	undefined
20230501	15:52:46	3164df61-cc8c-4352-a526-b5fd78172c47	POST	/members?file	undefined
20230501	15:52:52	ba695644-937f-4a08-80d6-9b464ed6ddb7	POST	/members?file	undefined
20230501	16:00:13	8a06b6f6-2652-4232-9800-6c4b354e21aa	POST	/members?file	undefined
20230501	16:01:20	f022a40c-732c-494f-aa22-0267e6b70f5d	POST	/members?file	undefined
20230501	16:02:16	63803d53-7098-4fa1-b325-eee0c72b66c4	POST	/members?file	undefined
20230501	16:02:25	984c8b67-7204-427b-821c-0744d7602d26	POST	/members?file	undefined
20230501	16:02:31	d327dc81-b6a2-4acc-bc64-aeb4013d4d63	POST	/members?file	undefined
20230501	16:02:56	d4b7e3f0-801e-4e70-aafa-24437e6545da	POST	/members?file	undefined
20230501	16:04:06	dd15f1eb-bf66-4977-8da2-f4b05d654df5	POST	/members?file	undefined
20230501	16:05:21	00aa3a6b-3f80-4d19-a479-e0df6460a51a	POST	/members?file	undefined
20230502	13:39:23	dbc4f64a-7816-41bb-a520-c0c79ce16b01	POST	/members	undefined
20230502	13:39:34	5fc2562f-f0f7-4825-abab-1344b4e73bc8	POST	/members	undefined
20230502	13:39:44	65c7cce2-bf40-4531-bc78-ae4df6d5038f	POST	/members	undefined
20230502	13:40:04	4579c470-60e9-4928-8208-0b4943bd96b8	POST	/members	undefined
20230502	13:41:51	bf468fa4-25e3-4ee1-b3a7-ad55e024801e	POST	/members	undefined
20230502	13:43:27	557e5df7-f9a3-4ab6-b6a4-852b8575b750	POST	/members	undefined
20230502	13:43:35	cb239af1-9169-40bd-940a-cea9012aa999	POST	/members	undefined
20230502	13:43:48	0116eebc-82ac-4369-9c3d-cd931d822441	POST	/members	undefined
20230502	13:44:27	bdc9ce51-dce3-4e03-bd84-a1622bc20f30	POST	/members	undefined
20230502	13:45:05	c92bda82-6b72-4a80-9671-05f9882281c0	POST	/members	undefined
20230502	13:45:27	f5f777db-1b09-4d0c-8e3a-2604c21e9d67	POST	/members	undefined
20230502	13:49:03	eb4ce0b8-21c2-4e0c-a07a-363e4970211d	POST	/members	undefined
20230502	13:53:13	dffba123-7e2d-4ec1-881c-f71ab628f2d0	POST	/members	undefined
20230502	13:54:23	e9ed1793-298a-4765-8643-8923dc2b8fb2	POST	/members	undefined
20230502	13:54:42	f7e9f641-9674-4603-94ea-9d99f8a31c65	POST	/members	undefined
20230502	13:54:58	d377029d-b933-40fb-88a1-ca603c5d4223	POST	/members	undefined
20230502	13:55:19	ec0f2ce6-f61b-4d41-b494-94cfe963526b	POST	/members	undefined
20230502	14:00:33	7b3cc022-fd81-4047-9a4c-8876b06f6068	POST	/members	undefined
20230502	14:10:43	67e5f949-e39f-48f9-8848-5739e23dc80d	POST	/members	undefined
20230502	14:11:57	63bf0ac2-df68-46ce-8277-a8072357864b	POST	/members	undefined
20230502	14:13:36	72c4aaea-5c42-4c73-8fdf-257a5049ccfe	POST	/members	undefined
20230502	14:13:39	6f1e93cc-c0b5-4063-9a68-43a3c72310c2	POST	/members	undefined
20230502	14:15:58	5a159da6-8c07-4232-95bd-ea2f19af0cd7	POST	/members	undefined
20230502	14:21:14	f9caa92a-0317-4d2a-b493-69265ef1fe90	POST	/members	undefined
20230502	14:21:28	6e446ee7-c330-4a18-9e53-35b349c560d6	POST	/members	undefined
20230502	14:22:56	5cd4f382-7ccf-491a-b4f7-80fdb5e4fc78	POST	/members	undefined
20230502	14:23:48	b5f0d8f1-d6da-4b9c-a25d-b5210cdef6f7	POST	/members	undefined
20230502	14:24:29	a9a05995-493c-46bf-a0d4-48d222214b11	POST	/members	undefined
20230502	14:25:10	c4e2ac80-ab38-4abb-a75a-4508171d857f	POST	/members	undefined
20230502	14:25:13	67c278b7-d4a0-4678-ac69-b2ed1e879fe7	POST	/members	undefined
20230502	14:31:09	d3c948b4-ae44-4b7b-8104-b8ea832d10de	POST	/members	undefined
20230502	14:31:26	d3293cab-6213-4425-b35b-b37ee6ffe32b	POST	/members	undefined
20230502	14:31:45	4eb8395c-b256-4486-859e-acbf27259919	POST	/members	undefined
20230502	14:32:01	671aae4a-14c2-4c54-adc4-5fd5887f32d2	POST	/members	undefined
20230502	14:33:20	a6e04d8e-fc16-4d40-857d-1a303ae76b08	POST	/members	undefined
20230502	14:33:44	d5962e13-e567-461f-b681-1b074deb9639	POST	/members	undefined
20230502	14:34:06	0ec533a2-9739-43e1-a1a3-d7db4dc38bea	POST	/members	undefined
20230502	14:34:51	2541d748-a736-46db-8474-c0be8ed8f76e	POST	/members	undefined
20230502	14:36:02	ce9ff2f0-926e-421a-bed2-adede6046fdc	POST	/members	undefined
20230502	14:36:45	46a7ceb1-f04e-4cf0-80c2-99723ac73de3	POST	/members	undefined
20230502	14:38:31	218af5dc-ed6d-4837-a640-3bcd5e6d6b6b	POST	/members	undefined
20230502	14:41:49	80f48943-b51e-4f79-bf40-c9d91c44cf30	POST	/members	undefined
20230502	14:41:56	0d48db25-a892-406a-b749-c02be8456665	POST	/members	undefined
20230502	14:42:12	f720a98e-41bb-478a-8cc1-86b8b4e8afa5	POST	/members	undefined
20230502	14:42:34	660f2228-b1c0-477f-b91e-a696e1b1e1df	POST	/members	undefined
20230502	14:48:38	713844b7-4078-4937-83e6-e1b7daedc6ae	POST	/members	undefined
20230502	14:49:16	fcf4bc3b-4a5b-4922-b3bc-81c20dfb3765	POST	/members	undefined
20230502	14:49:33	abbc937c-2bfb-4838-93e4-de6b307c6c43	POST	/members	undefined
20230502	14:49:46	c8fa3a84-0ed2-48db-92d4-d8634ffd4765	POST	/members	undefined
20230502	14:49:49	7422870c-7947-4c07-8af5-117af7ff30e2	POST	/members	undefined
20230502	14:50:39	93592c83-5775-432d-91f2-4daad3f367fa	POST	/members	undefined
20230502	14:50:54	ac3967be-1a48-4950-a2c4-d235c9266f24	POST	/members	undefined
20230502	14:51:00	d8830c9b-65d2-4041-a693-a8da2a965889	POST	/members	undefined
20230502	14:52:01	a1e5fb44-d260-4ab3-87ec-54e6c55e1d9a	POST	/members	undefined
20230502	14:52:13	8ca28863-a0d2-4d2d-8871-c9a7654b83c5	POST	/members	undefined
20230502	16:56:37	4c3f124a-6bdd-458a-90dc-69ff11f8f28c	POST	/members	undefined
20230502	16:56:46	922d1d9f-7ade-465a-916b-7cc93887a1f5	POST	/members	undefined
20230502	16:57:18	ad7a0e51-87cd-4d5b-924b-11734511426e	POST	/members	undefined
20230502	16:57:33	a3b19efc-cf78-444b-9bcc-35ff8745985a	POST	/members	undefined
20230502	16:58:08	9da03b69-f648-4df3-8e6f-d4cf19742aaf	POST	/members	undefined
20230502	16:59:35	2f1c13f1-ced2-4978-94d7-365f4af3eb9d	POST	/members	undefined
20230502	17:01:10	4695674a-62c0-4836-ad48-2d3e9ba331b4	POST	/members	undefined
20230502	17:01:36	f78a41ef-19e1-4514-b4bc-c4f4c1d96ed7	POST	/members	undefined
20230502	17:03:37	7021e38b-1ee6-413a-9780-2c9140b2c3c8	POST	/members	undefined
20230502	17:48:47	18347d67-49d9-47fd-9260-ff4eea8e5e56	POST	/members	undefined
20230502	17:48:54	c9d2a209-551e-4bc0-b01d-60f5422499d1	POST	/members	undefined
20230502	17:49:02	cd9995a9-d002-4d09-90ef-8637e6701f2a	POST	/members	undefined
20230502	17:49:42	887a5aeb-a327-4a41-877c-d8f710271f10	POST	/members	undefined
20230502	17:50:36	b8eb562d-ea7a-419d-84e9-f02b0258ee57	POST	/members	undefined
20230502	18:04:30	ee41e332-344b-4464-8aae-2d889f7bbae8	POST	/members	undefined
20230503	09:09:39	8b477a0c-3755-42bc-95e9-4627c5eaf75d	POST	/members	undefined
20230503	15:05:50	5ce83645-a9f9-4d5b-aaa3-f3bde2510c7b	POST	/members	undefined
20230503	15:06:28	31235a35-ecdd-4bdb-b8f9-49e486995e70	POST	/members	undefined
20230503	15:06:46	4eb6e689-f535-439d-b081-fe992f3edd79	POST	/members	undefined
20230503	15:07:25	f7fd643b-618e-4913-9ff9-d1e0ba14834d	POST	/members	undefined
20230503	15:10:15	7e0a4387-7d09-4ae7-91df-ea290b267ab1	POST	/members	undefined
20230503	15:10:23	cf695775-d2e5-43f9-b2bb-6308ead6c673	POST	/members	undefined
20230503	15:11:07	d460f727-fde0-4b18-a9c3-75bdb9fc4328	POST	/members	undefined
20230503	15:26:00	4434d9d7-028c-4054-baa0-9db01dbf0778	POST	/members	undefined
20230503	15:27:19	71744af6-cbe2-44ef-8f54-6dca17a03238	POST	/members	undefined
20230503	15:28:00	0c3853ad-6b88-4104-8e7d-988e6b018fd1	POST	/members	undefined
20230503	15:30:16	2806040c-7bc5-4f67-874f-96fb6d2368c0	POST	/members	undefined
20230503	15:31:36	3de53356-ecf3-47ad-926d-b337346a1dd8	POST	/members	undefined
20230503	15:31:51	d7c7d2e0-726c-4998-b50a-a19a901ca44f	POST	/members	undefined
20230503	15:33:49	4eaca514-6772-494c-8066-7c37cd5d074b	POST	/members	undefined
20230503	15:49:17	7b8a910b-7de4-4173-9fc7-43d27d788fde	POST	/members	undefined
20230503	15:49:51	7c5a0395-ee87-44a6-afec-80acc4ba6a18	POST	/members	undefined
20230503	15:50:01	33b2ab66-ca91-4528-871c-7b4cd973cc97	POST	/members	undefined
20230503	15:50:41	001b35d0-f7f8-44e3-858b-3e4b721d0a3a	POST	/members	undefined
20230503	15:52:26	47cd2a1f-17bd-4b3f-a789-66ef686791d1	POST	/members	undefined
20230503	15:52:48	67a05b18-3545-4101-8b0b-0b3b72ac7796	POST	/members	undefined
20230503	15:53:20	7a73ffb6-408e-4125-9cf7-0d31de830d4d	POST	/members	undefined
20230503	15:53:30	c61439ed-95af-4711-baac-f798c9e7ca29	POST	/members	undefined
20230503	15:54:27	7dfbd945-cd4b-4946-9073-fdcf06b0eb6c	POST	/members	undefined
20230503	15:54:46	5d9ec4ac-f25b-4889-9c62-2e3802d8f66b	POST	/members	undefined
20230503	15:56:26	f36daba7-1730-4d58-a8b7-4e5917584662	POST	/members	undefined
20230503	15:56:45	a2564830-6ddd-4649-898c-1bd1d8d1e634	POST	/members	undefined
20230503	15:56:51	488afa77-e322-4058-96aa-5cd839964f8e	POST	/members	undefined
20230503	15:57:51	5f709a97-2ee7-4dd4-966c-e68b2a40e4d1	POST	/members	undefined
20230503	16:09:27	777e41cc-ae7a-4711-af3e-eb693bebb5c5	POST	/members	undefined
20230503	16:09:41	a51d3bfe-4109-41e6-ab27-0d3f3c5ba813	POST	/members	undefined
20230503	16:09:52	3222db82-7088-4c05-9a3b-ed084d6fea6d	POST	/members	undefined
20230503	16:09:59	f9f16a8c-da42-4240-8675-91494ffac341	POST	/members	undefined
20230503	16:10:06	77a9dff9-2ee3-4d2c-b472-02dbbe0696ef	POST	/members	undefined
20230503	16:33:50	b10c0c52-8fb6-416f-a276-e39d0e076afd	POST	/members	undefined
20230503	16:34:45	b13f7972-7e82-4c83-8024-d5230301003f	POST	/members	undefined
20230503	16:40:23	c459c79d-9e20-41d4-b75f-af9a12855fdb	POST	/members	undefined
20230503	16:40:40	1c0e93ab-1014-4980-9db8-255a9e3160d1	POST	/members	undefined
20230503	16:59:40	23dd7ec5-f05c-4f25-a163-2a96bb9fedbe	POST	/members	undefined
20230503	17:02:25	ab89abcb-8bb3-4f9f-abcd-7bfc4f562bd0	POST	/members	undefined
20230503	17:25:43	af938999-970e-4f6e-96a4-09e4c1bc0c14	POST	/members	undefined
20230503	17:28:03	49926d3b-476d-4bde-9b68-c3e3c311b51b	POST	/members	undefined
20230503	17:28:20	bc96b5c6-92a0-4e3e-8587-7d0ed0628b49	POST	/members	undefined
20230503	17:39:57	7fde01c3-a508-4f9d-ba84-65347cace5f5	POST	/members	undefined
20230503	17:40:05	efed8d37-a59e-4def-8894-1bce2d59dde7	POST	/members	undefined
20230503	17:42:09	6a35a112-a51f-41cb-9442-afdd8fd0cf38	POST	/members	undefined
20230503	17:44:36	abe602d6-8b5b-4b43-93c2-8e6d73581b5e	POST	/members	undefined
20230503	17:46:19	2e8e8418-9a77-4f94-a564-887f6d5e639f	POST	/members	undefined
20230503	17:49:46	0abe5cbc-6a56-4ca6-aa36-ae63625db863	POST	/members	undefined
20230503	17:52:33	49817b60-b5b1-460d-ae57-b0bead0d6c09	POST	/members	undefined
20230503	17:52:38	bbd43b37-4cea-4365-bcf2-f6dad23a44c6	POST	/members	undefined
20230503	17:59:04	649b9c8b-ba79-4f7a-8385-9e614806282d	POST	/members	undefined
20230503	17:59:12	df2421c8-9071-46fa-ad8c-78db36131ffd	POST	/members	undefined
20230503	18:08:01	592f675f-d7f0-4464-8b2c-5463bc4fcf35	POST	/members	undefined
20230503	18:08:09	1d197804-aeaa-4394-94c7-3a88711867f9	POST	/members	undefined
20230503	18:09:15	63e5db3d-f8e6-4e39-8c27-0beda30bbccf	POST	/members	undefined
20230503	18:09:30	57556fb5-de41-4790-8ffb-e4a69fc17c53	POST	/members	undefined
20230503	18:13:22	4a2a7bf8-ffa4-45ca-b48f-f390d60dffdd	POST	/members	undefined
20230503	18:13:46	06d9371e-6a4a-49b0-b70e-3369629e12fa	POST	/members	undefined
20230503	18:14:00	1559822d-5582-475e-8aae-ec8f446b939b	POST	/members	undefined
20230503	18:16:02	38a604a6-0a1a-4fba-b9e0-cd0cfc830078	POST	/members	undefined
20230503	18:16:07	51533baa-8ca3-4344-8132-e34a28cc1119	POST	/members	undefined
20230503	18:16:12	6ae281e1-0207-4f0f-bebd-cefe6a5d2def	POST	/members	undefined
20230503	18:27:01	923d8022-a03c-464f-8867-41f201d2293b	GET	/members	http://localhost:5173
20230503	18:28:37	d1f81c1a-22c4-4abf-88d2-d1000a939fa3	GET	/members	http://localhost:5173
20230503	18:43:05	b79874b7-7656-4d90-831d-377e82598a6a	GET	/members	http://localhost:5173
20230503	23:59:13	cc6bcfa4-f770-4d2d-8dca-a09fb382b6b4	OPTIONS	/membersRegister	http://localhost:5173
20230503	23:59:13	5f0a32a8-8ad1-4f51-a260-a6a1759e5020	POST	/membersRegister	http://localhost:5173
20230504	00:00:25	5d7920b0-de26-4a38-95a2-be9a748007b4	OPTIONS	/membersRegister	http://localhost:5173
20230504	00:00:25	12313dac-efd7-4b5d-9b77-58ed3aad3313	POST	/membersRegister	http://localhost:5173
20230504	00:01:26	2ab7343b-92aa-4866-8088-891e346cd12e	OPTIONS	/members/register	http://localhost:5173
20230504	00:01:26	f70da7ab-bffe-4c23-8450-5e69a2b3734b	POST	/members/register	http://localhost:5173
20230504	00:06:57	824c0f9d-7438-40af-903c-1f7f58477e60	OPTIONS	/members/register	http://localhost:5173
20230504	00:06:57	91e45d42-6359-43aa-a732-7746da675cca	POST	/members/register	http://localhost:5173
20230504	00:07:27	44483e69-84ff-4b73-a524-f922b8ad50ca	POST	/members/register	http://localhost:5173
20230504	00:07:27	81795172-5611-41af-8231-dac7949f004e	POST	/members/register	http://localhost:5173
20230504	00:07:47	0e90d2d6-277d-4b02-a730-315acf7f82a4	OPTIONS	/members/register	http://localhost:5173
20230504	00:07:47	14a7e6ec-2e49-437c-8b92-1257877ea486	POST	/members/register	http://localhost:5173
20230504	08:51:25	f1677c51-163b-4405-a338-02ab6100c437	OPTIONS	/members/register	http://localhost:5173
20230504	08:51:25	eee64eda-2f77-4ec3-affc-a7e5f6b512f2	POST	/members/register	http://localhost:5173
20230504	10:35:27	d0562eae-0d37-4e7a-be5c-277392093375	POST	/members	undefined
20230504	10:35:40	236294c1-e2dc-44b2-9d61-f7f00347c9ab	GET	/members	undefined
20230504	10:36:07	25de5c72-235b-4f38-b532-81b1c4cc6c3c	GET	/members	undefined
20230504	10:36:42	6ee46bf4-84b6-4d48-b1c3-472f7b69cc54	GET	/members	undefined
20230504	10:37:24	f14c650c-23ef-4d29-acf1-f27307610830	GET	/members	undefined
20230504	10:43:31	19f3e1c2-4e61-4696-acda-e15650c22554	OPTIONS	/boards	http://localhost:5173
20230504	10:43:31	d549bb56-410e-448e-bcc6-610aa2d92db1	POST	/boards	http://localhost:5173
20230504	10:43:57	7052d3c5-3a6d-48c9-baac-bac8a9c95629	OPTIONS	/members/solicitud	http://localhost:5173
20230504	10:43:57	a6d88284-033b-426e-a370-e211a6ab4b28	POST	/members/solicitud	http://localhost:5173
20230504	10:45:50	199db4e0-9e81-43ab-b8f3-91a7d2537255	OPTIONS	/members/solicitud	http://localhost:5173
20230504	10:45:50	3edd2e9f-bd5e-42b7-a160-30896cf85326	POST	/members/solicitud	http://localhost:5173
20230504	10:46:09	b3fda94d-0ffd-4829-a244-8118fe9769e4	OPTIONS	/members/solicitud	http://localhost:5173
20230504	10:46:09	20c59a08-8917-4d6a-aa21-6d18712b0332	POST	/members/solicitud	http://localhost:5173
20230504	10:46:13	6612572f-95e6-4185-85b7-0336402ab8d8	POST	/members/solicitud	http://localhost:5173
20230504	10:47:32	152bb8a3-022d-4c50-a1a3-2c026d0c22d0	OPTIONS	/members/solicitud	http://localhost:5173
20230504	10:47:32	1c86e120-31e0-4ffd-8eee-448b755fa8be	POST	/members/solicitud	http://localhost:5173
20230504	10:48:22	e865963f-f86b-412b-a1be-f8441102836a	OPTIONS	/members/solicitud	http://localhost:5173
20230504	10:48:22	925e3df5-d0ac-4a1b-b0dd-0fd544eda3f7	POST	/members/solicitud	http://localhost:5173
20230504	10:48:45	06e26f3b-3d65-4cfb-9803-0581470b2700	OPTIONS	/members/solicitud	http://localhost:5173
20230504	10:48:45	f3f1e9d2-9433-434a-9941-7ed286fef12d	POST	/members/solicitud	http://localhost:5173
20230504	10:49:17	5b70770a-3184-40fe-b719-8d4bcb00e8df	OPTIONS	/members/solicitud	http://localhost:5173
20230504	10:49:17	158e437a-2a0d-420f-a53c-4134bcaa98e8	POST	/members/solicitud	http://localhost:5173
20230504	10:52:01	7322830b-62c7-488f-a280-5c38254d10dc	OPTIONS	/members/solicitud	http://localhost:5173
20230504	10:52:01	c295441f-c997-45a7-ab70-50039bdfcbd0	POST	/members/solicitud	http://localhost:5173
20230504	10:52:31	1c1b04c0-1668-486d-9236-3d1c193d1112	OPTIONS	/members/solicitud	http://localhost:5173
20230504	10:52:31	38818c0c-57f2-4cd5-a9be-d43462d6f812	POST	/members/solicitud	http://localhost:5173
20230504	10:56:14	05f6f0ad-d142-43f6-826d-d64224d9999f	OPTIONS	/members/register	http://localhost:5173
20230504	10:56:14	200ac932-9ddf-4420-98e4-38e9536e8691	POST	/members/register	http://localhost:5173
20230504	10:57:08	38d391f9-2c19-4e1d-9ba8-6167db251833	OPTIONS	/members/register	http://localhost:5173
20230504	10:57:08	21f4a511-d44f-4a89-a385-be2ae4961b4f	POST	/members/register	http://localhost:5173
20230504	10:57:10	744b45bc-36a3-4203-85d3-90140e1e73ad	POST	/members/register	http://localhost:5173
20230504	10:58:14	cb1aa1ac-bf86-4e80-9566-57e73c643984	OPTIONS	/members/register	http://localhost:5173
20230504	10:58:14	4dd7fc5c-155d-43fd-a97f-be4817005d4c	POST	/members/register	http://localhost:5173
20230504	11:00:19	be04d287-1e8d-4da5-86b3-5aad3cb42387	OPTIONS	/members/register	http://localhost:5173
20230504	11:00:19	7e530e7b-2cae-4cb3-bc72-9e2d854a2109	POST	/members/register	http://localhost:5173
20230504	11:00:20	1114cd18-c89b-47c2-8d23-b3fba04f9c0d	POST	/members/register	http://localhost:5173
20230504	11:00:21	7fe1f844-0724-4c3f-a7b5-22276039e0a9	POST	/members/register	http://localhost:5173
20230504	11:00:22	bb286508-a516-4c6c-a890-686367776c6e	POST	/members/register	http://localhost:5173
20230504	11:00:22	40cd71e9-8582-41c7-94be-760a54679071	POST	/members/register	http://localhost:5173
20230504	11:00:23	ab04b7d5-2a46-4302-a05b-aa98abe1b250	POST	/members/register	http://localhost:5173
20230504	11:00:23	d415efff-3148-4189-a3cc-e2b307659cca	POST	/members/register	http://localhost:5173
20230504	11:00:23	8375efc0-9b75-492c-9224-162c442ecf35	POST	/members/register	http://localhost:5173
20230504	11:00:23	b88190c4-75d5-45e3-845e-2cdb7d25f8c0	POST	/members/register	http://localhost:5173
20230504	11:00:42	f22d5d60-170c-44b1-bae6-270bca9a604a	OPTIONS	/members/register	http://localhost:5173
20230504	11:00:42	4c01ecba-21ad-4b22-a05f-29c97541a0ff	POST	/members/register	http://localhost:5173
20230508	14:29:39	fd2922c9-219b-4915-ad2d-d3f82fbd8c87	GET	/members	http://localhost:5173
20230508	14:30:06	8bb6f5c7-e2e7-4679-ad34-f1ed77f99d01	GET	/members	http://localhost:5173
20230508	14:30:43	58721864-2d30-436a-820f-33e0be8f6ff2	GET	/members	http://localhost:5173
20230508	14:32:23	cf54e382-6a10-4863-a501-713c751e1245	GET	/members	http://localhost:5173
20230508	14:33:07	38e9305d-5102-4083-9694-e81867e0951b	GET	/members	http://localhost:5173
20230508	14:34:21	12bf4f3c-c28b-4efd-a4f5-a06cf5abdcad	GET	/members	http://localhost:5173
20230508	14:34:35	32a89a0a-21ca-4335-9cc1-acabf875f401	GET	/members	http://localhost:5173
20230508	14:38:03	783ee3a8-b07c-4d21-b7df-c7b0b3dd6f51	GET	/members	http://localhost:5173
20230508	14:40:27	d783abcb-a1a5-444c-98bc-5c0aff31ac87	GET	/members	http://localhost:5173
20230508	14:42:40	1882a1c0-b12e-4f43-be5a-e1be80c07f38	GET	/members	http://localhost:5173
20230508	14:45:16	fc87864b-181b-450b-acad-be1327a6259e	GET	/members	http://localhost:5173
20230508	14:45:26	dbca2336-e076-43f3-abf2-fda57227d0e4	GET	/members	http://localhost:5173
20230508	14:48:33	7bffeb2f-01c3-484e-ae75-fcd4cdeee0e8	GET	/members	http://localhost:5173
20230508	14:48:48	5dc644d8-2f92-44ec-a620-a147e4e9cded	GET	/members	http://localhost:5173
20230508	14:49:10	99a25c14-fc5d-4592-aa9e-d98c92077c53	GET	/members	http://localhost:5173
20230508	14:49:14	ae81af66-6804-409f-985e-1f98ca826e2c	GET	/members	http://localhost:5173
20230508	14:49:19	d0bd2791-f6f0-4a3e-ae3a-0ecb3b4e61e0	GET	/members	http://localhost:5173
20230508	14:49:37	e6a42701-6ff0-4444-985e-fd444d8f0c18	GET	/members	http://localhost:5173
20230508	14:49:40	a5a1af84-8075-4889-8ac6-a890360cf218	GET	/members	http://localhost:5173
20230508	14:53:31	edd40942-b8e4-4768-bd84-9133d6f9a1e9	GET	/members	http://localhost:5173
20230508	14:53:50	ed0f8854-8a30-4fa8-8b94-6ac67c2d9c9a	GET	/members	http://localhost:5173
20230508	14:53:54	d67bf184-26f0-46d7-a748-f621e1eb963c	GET	/members	http://localhost:5173
20230508	14:54:00	ff149f58-a210-4d2b-81f1-d2c6a3fe8c7d	GET	/members	http://localhost:5173
20230508	15:19:07	e3a39e1c-de25-4d0d-a1c0-c79b8cfb38cd	GET	/members	http://localhost:5173
20230508	15:26:41	037c635c-5ea7-4872-ab76-828ff14f5d45	GET	/members	http://localhost:5173
20230508	15:28:50	a7925e04-76f9-4572-abef-12656cd9b214	GET	/members	http://localhost:5173
20230508	15:29:55	3cb2bac7-e1c2-4179-9e25-09d2f1a4c31f	GET	/members	http://localhost:5173
20230508	15:31:06	553ae3f2-e6fd-4fef-84c3-1a7cf80b4ff5	GET	/members	http://localhost:5173
20230508	15:31:08	b7f113d6-d80f-45a6-b8ba-f308ac16defe	GET	/members	http://localhost:5173
20230508	15:31:53	c8b07be1-de0c-4326-a906-6dbc8102c6d2	GET	/members	http://localhost:5173
20230508	15:32:03	5be4090a-7727-466e-8692-63f5bbbfb14b	GET	/members	http://localhost:5173
20230508	15:33:17	8b9588f0-d0aa-4f46-a70c-ec0108afe25a	OPTIONS	/members/solicitud	http://localhost:5173
20230508	15:33:17	040cdf3d-76f6-4436-ae87-2cfda9f02dbb	POST	/members/solicitud	http://localhost:5173
20230508	15:34:13	3fc7fb8a-82e4-45a1-ad46-105630d4b7bd	GET	/members	http://localhost:5173
20230508	15:38:58	c841555f-6449-4564-ad31-bcf274407cc6	GET	/members	http://localhost:5173
20230508	15:49:21	c7f1aca8-eae2-4372-9bde-746c96ad06d8	GET	/members	http://localhost:5173
20230508	23:12:01	638f2189-fe55-4ee8-880c-23b5a7b5ecfd	GET	/members	http://localhost:5173
20230508	23:12:03	c9c7da76-37e6-4176-9886-f86c2a07ed7f	GET	/members	http://localhost:5173
20230508	23:12:17	b16b98a0-4b22-479d-98e3-a3120c378580	GET	/members	http://localhost:5173
20230508	23:18:45	f985ae4d-a1dc-41b3-af29-9849c49c2f40	GET	/members	http://localhost:5173
20230508	23:20:13	717b34a9-9334-4231-b95f-36232ea775de	GET	/members	http://localhost:5173
20230508	23:22:27	b42a945b-1bb3-485b-9adb-ceba4e7e5828	GET	/members	http://localhost:5173
20230508	23:59:12	df98fafd-1b9a-4dfd-a5a7-c3d1142dbcaa	OPTIONS	/members/register	http://localhost:5173
20230508	23:59:12	981d9668-aaf8-4415-a146-457057ebd5ae	POST	/members/register	http://localhost:5173
20230508	23:59:35	69733961-1628-4a06-b86f-c6caa1af0f1c	OPTIONS	/members/register	http://localhost:5173
20230508	23:59:35	c320333d-e7e2-424c-90c4-4137e8568576	POST	/members/register	http://localhost:5173
20230509	00:00:14	ce366e06-314c-435e-8ad4-536b197e4f3b	OPTIONS	/members/register	http://localhost:5173
20230509	00:00:14	12586be4-d0ee-4fe3-a981-f56b3cb2aa52	POST	/members/register	http://localhost:5173
20230509	00:00:47	ebdc0889-572f-4ca1-9760-9faa493a5ba2	OPTIONS	/members/register	http://localhost:5173
20230509	00:00:47	19108a5e-721a-47a1-9cb3-8134b7f6b2dc	POST	/members/register	http://localhost:5173
20230510	21:17:32	7a2c9841-1654-43a3-bf62-4f0b7cd68e2a	GET	/members	http://localhost:5173
20230510	21:17:37	4de88f15-25ea-4362-83a3-37051cd79e6e	GET	/members	http://localhost:5173
20230510	21:17:51	5aa3d88e-704e-48ce-bdad-ca341b83f4ab	GET	/members	http://localhost:5173
20230510	21:21:08	557964cb-2e4b-456f-8523-0c7cdd337247	GET	/members	http://localhost:5173
20230521	17:07:56	c0ed0541-b880-4ad7-80fc-9babe86f1fa2	OPTIONS	/members/register	http://localhost:5173
20230521	17:07:56	9c82f8c2-5a2f-4453-a516-883456a5491b	POST	/members/register	http://localhost:5173
20230521	17:10:20	9c624061-3b93-4864-af4a-9939b2d04cdb	OPTIONS	/members/register	http://localhost:5173
20230521	17:10:20	94ab2a5f-d6a8-49a9-bd78-cafbb85b2630	POST	/members/register	http://localhost:5173
20230521	17:10:49	ccc70212-e3b1-420d-ba94-4606faa6eb39	OPTIONS	/members/register	http://localhost:5173
20230521	17:10:49	95adf895-d791-4585-aab2-cd49ad44369e	POST	/members/register	http://localhost:5173
20230521	17:11:19	c6d4007a-2f90-4b8e-839f-4dc514673b18	OPTIONS	/members/register	http://localhost:5173
20230521	17:11:19	ab4fb912-28b0-4001-97c6-8ecd5cb10885	POST	/members/register	http://localhost:5173
20230521	17:13:26	e092159a-6ba7-4d1d-9fe2-bd81e4f6286d	OPTIONS	/members/register	http://localhost:5173
20230521	17:13:26	59ec2bc9-15c3-436a-b7c9-651a42a5e4a9	POST	/members/register	http://localhost:5173
20230521	17:13:46	9970e62e-6510-44ef-9f1c-d2c56fb9e4bd	OPTIONS	/members/register	http://localhost:5173
20230521	17:13:46	c5ae1bc4-0d93-4c94-8cd7-f146cfd26069	POST	/members/register	http://localhost:5173
20230521	17:14:52	cda0dc87-d97c-4242-bd71-9db9eb0f19a4	OPTIONS	/members/register	http://localhost:5173
20230521	17:14:52	c84d0cf1-48b8-41fc-ab22-dbfc2462d149	POST	/members/register	http://localhost:5173
20230521	17:15:07	ca9bfa84-c047-48cd-bf6a-dd4682cb2ba1	OPTIONS	/members/register	http://localhost:5173
20230521	17:15:07	15834efc-f587-4578-91e8-26e7ca95fffa	POST	/members/register	http://localhost:5173
20230521	17:15:27	70cf627f-107c-431c-9544-9861dfabf15b	OPTIONS	/members/register	http://localhost:5173
20230521	17:15:27	14d77a79-52d6-4f4d-a9c2-2d795cbdb0f6	POST	/members/register	http://localhost:5173
20230521	17:15:41	5328135c-d42b-4e5b-9cd4-641ad9df101f	OPTIONS	/members/register	http://localhost:5173
20230521	17:15:41	101d3175-7a59-4933-8b1f-049fee61e85a	POST	/members/register	http://localhost:5173
20230521	17:15:58	33a876ce-13a0-4978-9f16-068e13ed5b1e	OPTIONS	/members/register	http://localhost:5173
20230521	17:15:58	5ae71c51-df98-4a84-a8b1-657711180a59	POST	/members/register	http://localhost:5173
20230521	17:16:10	7e45d208-7e96-44d4-983d-3901e7ea648c	OPTIONS	/members/register	http://localhost:5173
20230521	17:16:10	b28c7178-dcbf-4ed1-b61b-c07f9f16ec40	POST	/members/register	http://localhost:5173
20230521	17:16:29	33b01296-ad33-42cc-b1bd-cceb9058d45a	OPTIONS	/members/register	http://localhost:5173
20230521	17:16:29	231704d3-72b1-4903-b16f-af7ede37fcd3	POST	/members/register	http://localhost:5173
20230521	17:16:41	ad945b15-ce93-4838-a74f-578e7eae42db	OPTIONS	/members/register	http://localhost:5173
20230521	17:16:41	5b29f69b-96ec-497d-8b4a-02f94ae557bd	POST	/members/register	http://localhost:5173
20230521	17:16:52	f01bfcff-4eaf-47e1-95e1-4274c2c0ab09	OPTIONS	/members/register	http://localhost:5173
20230521	17:16:52	8eb1dc1c-575d-41bd-af4f-6e5402b13653	POST	/members/register	http://localhost:5173
20230521	17:17:09	dd2ee95f-fc34-4750-9eb3-133fafb9c158	OPTIONS	/members/register	http://localhost:5173
20230521	17:17:09	7ae4ee23-179e-4851-b1d9-0141f5575ea2	POST	/members/register	http://localhost:5173
20230521	17:17:21	db110145-d457-4d41-9139-fd7786afd0f1	OPTIONS	/members/register	http://localhost:5173
20230521	17:17:21	c77d002d-45a2-495f-a82e-d4b620c2fc08	POST	/members/register	http://localhost:5173
20230521	17:17:32	92ecadfe-e374-4f19-95d1-bf4050df094c	OPTIONS	/members/register	http://localhost:5173
20230521	17:17:32	b92b3423-66f4-4e99-80c0-917911786962	POST	/members/register	http://localhost:5173
20230521	17:17:48	5a898954-be81-4721-8533-ec949b510eb3	OPTIONS	/members/register	http://localhost:5173
20230521	17:17:48	ff6628f1-bb8a-48db-b311-2358deb4b830	POST	/members/register	http://localhost:5173
20230521	17:17:57	7d9a1bfd-952e-4cf6-8493-395168225859	GET	/members	http://localhost:5173
20230521	17:18:04	5e26b1db-0534-4512-bc9e-71572eb4535a	GET	/members	http://localhost:5173
20230521	17:18:23	c1522754-1b32-4aaf-b374-ffcba2ed55d2	GET	/members	http://localhost:5173
20230521	17:18:30	bac6a7d5-4fe0-4dea-b162-18ac7a7e0870	GET	/members	http://localhost:5173
20230521	17:19:01	fa018b1c-56d7-4057-bc34-ecb0d522a892	GET	/members	http://localhost:5173
20230521	17:19:05	09edd0da-5e86-4573-83dd-1195786e9a61	GET	/members	http://localhost:5173
20230521	17:19:19	9c020e30-e9d5-4034-8ce6-4561f9bdc1ea	GET	/members	http://localhost:5173
20230521	17:19:40	6f43290a-e103-4fd6-99be-7ce0f3146e22	GET	/members	http://localhost:5173
20230521	17:19:43	8e3c0e34-239b-4181-8817-1c4452c4f917	GET	/members	http://localhost:5173
20230521	17:19:49	e2cc0940-6064-458e-8f65-754ec712113d	GET	/members	http://localhost:5173
20230521	17:19:56	d764fc99-2e8e-47b1-98db-e8d9b8fa03df	GET	/members	http://localhost:5173
20230521	17:21:49	96c75eb1-fb18-470f-8e79-2dd5f30b930c	GET	/members	http://localhost:5173
20230521	18:02:53	277ee907-a9a5-4cb6-b9d0-6cfea70c8ed3	OPTIONS	/members/solicitud	http://localhost:5173
20230521	18:02:53	d7d6c425-6ad1-4341-a981-0af27457fe70	POST	/members/solicitud	http://localhost:5173
20230521	18:04:54	30595e0b-5c5f-44fb-ba1d-4fa8d130894e	GET	/members	http://localhost:5173
20230521	18:30:36	9496ee10-adeb-47d3-834f-e76b5274d1ad	GET	/members	http://localhost:4173
20230521	18:32:17	8e5567a6-5ad3-4e59-b818-cae9a0e47d2f	GET	/members	http://localhost:5173
20230521	19:14:20	44f47220-82a8-4ff3-a1b0-65695f781f3c	GET	/members	http://localhost:5173
20230521	19:19:50	e4d2cbdb-8da5-4db2-90cd-d8beae0695f3	GET	/members	http://localhost:4173
20230521	19:24:17	f025c4af-9609-4656-a5b6-61af15562e1d	GET	/members	http://localhost:4173
20230521	19:26:25	b4617499-5805-4345-a716-388371cc2296	GET	/members	http://localhost:5173
20230521	19:31:16	3fa20fbf-2a26-4b63-b1f7-f12675300bb4	GET	/members	http://localhost:5173
20230521	19:51:00	04805f27-c52b-4cfd-9663-ab13573b4d6b	GET	/members	http://localhost:4173
20230521	19:52:10	90e0b7a5-6522-41ce-87d8-e461490f5468	OPTIONS	/members	https://donvoid18.github.io
20230521	19:52:10	c79817a1-989e-429e-b7f4-4d7892d294ae	GET	/members	https://donvoid18.github.io
20230521	21:51:37	95a3c6af-2625-487d-9b69-584749c9b23f	GET	/members	http://localhost:5173
20230521	21:51:59	a2ab82a2-3185-49e5-9265-5c78e8baca70	GET	/members	http://localhost:5173
20230521	21:53:50	3f26d413-143b-4bb1-a07f-973a5e0cc068	OPTIONS	/members	https://donvoid18.github.io
20230521	21:53:50	86e128c0-256b-439f-8c9a-e7737378712b	GET	/members	https://donvoid18.github.io
20230521	21:54:01	5df0993a-83b4-4f35-ac7e-755026b0a9d2	OPTIONS	/members	https://donvoid18.github.io
20230521	21:54:01	6031afaf-57d0-43ac-9d28-eec62d41c2f6	GET	/members	https://donvoid18.github.io
20230521	21:54:12	13b6941d-381b-4505-8087-301a4fbddf89	OPTIONS	/members	https://donvoid18.github.io
20230521	21:54:12	ed897c94-cb29-4052-b8ee-66afa143dceb	GET	/members	https://donvoid18.github.io
20230521	21:54:15	57ad771b-5d01-4343-8764-929f46bb123e	OPTIONS	/members	https://donvoid18.github.io
20230521	21:54:15	c3ac06a0-7452-49af-8ae0-f0538d70cac5	GET	/members	https://donvoid18.github.io
20230521	21:54:21	5aded6ce-57b5-433f-96ba-ea6c83e1f1d6	OPTIONS	/members	https://donvoid18.github.io
20230521	21:54:21	dbcde02e-e536-4b4b-973c-423104462134	GET	/members	https://donvoid18.github.io
20230521	21:55:20	45b46dc9-faf2-4968-85a3-3a5af8d92ff6	OPTIONS	/members	https://donvoid18.github.io
20230521	21:55:20	60972582-fda0-4545-a99c-1a9ff6e0e8d6	GET	/members	https://donvoid18.github.io
20230521	21:55:24	de0b14ae-7355-428d-911e-20573e8eddd6	OPTIONS	/members	https://donvoid18.github.io
20230521	21:55:24	318f0ad2-ac51-4275-b11f-7b005eefdea2	GET	/members	https://donvoid18.github.io
20230521	21:56:05	e4689e53-fb5b-40d4-8153-3c990f8188db	OPTIONS	/members	https://donvoid18.github.io
20230521	21:56:05	80751d1d-898a-4e71-ac16-d4739718f60c	GET	/members	https://donvoid18.github.io
20230521	21:56:35	e1549f78-ab8f-43a6-bdf4-61c2e59f83b3	OPTIONS	/members	https://donvoid18.github.io
20230521	21:56:35	5510768f-d53a-433f-b306-4418d1212746	GET	/members	https://donvoid18.github.io
20230521	21:56:48	8636778b-a2b6-4c61-8098-0ae5b151784f	OPTIONS	/members	https://donvoid18.github.io
20230521	21:56:48	014690c1-a824-4c63-9389-0ef46311e39f	GET	/members	https://donvoid18.github.io
20230521	21:58:20	7e1b862f-d2c1-4007-830c-df76435f7493	OPTIONS	/members	https://donvoid18.github.io
20230521	21:58:20	3c15cc4a-0ea5-4ba8-9879-1e64590a68dd	GET	/members	https://donvoid18.github.io
20230521	21:59:08	87c22ae9-2bb9-40a6-84c6-dee7c2d4e774	OPTIONS	/members	https://donvoid18.github.io
20230521	21:59:08	098a384e-bc82-4b80-b22d-af79b4d5504b	GET	/members	https://donvoid18.github.io
20230521	21:59:29	409e28a7-5473-4be2-b39a-2d9a4adbe42d	OPTIONS	/members	https://donvoid18.github.io
20230521	21:59:29	cca5a820-70ae-42d7-ae30-c924d313f3ee	GET	/members	https://donvoid18.github.io
20230521	22:09:03	239a2176-4539-442c-822f-ff6cf42bffe1	OPTIONS	/members	https://donvoid18.github.io
20230521	22:09:03	5af4307b-3c22-4fdf-9e13-58bf6e042aa9	GET	/members	https://donvoid18.github.io
20230521	22:11:39	025f7d96-9cc3-4eae-a614-d4f59d8d2152	OPTIONS	/members	https://donvoid18.github.io
20230521	22:11:39	9248df38-ca4c-4265-9bb6-19acfe1d1fbb	GET	/members	https://donvoid18.github.io
